Using pre-set license
Built from '2020.3/staging' branch; Version is '2020.3.11f1 (99c7afb366b3) revision 10078127'; Using compiler version '192528614'; Build Type 'Release'
OS: 'Windows 10 Enterprise LTSC 2019; OS build 17763.2061; Version 1809; 64bit' Language: 'en' Physical Memory: 8028 MB
BatchMode: 1, IsHumanControllingUs: 0, StartBugReporterOnCrash: 0, Is64bit: 1, IsPro: 0

 COMMAND LINE ARGUMENTS:
C:\Program Files\Unity\Hub\Editor\2020.3.11f1\Editor\Unity.exe
-adb2
-batchMode
-noUpm
-name
AssetImportWorker0
-projectPath
D:/Unity Packages/demo-turnbased-memory
-logFile
Logs/AssetImportWorker0.log
-srvPort
55408
Successfully changed project path to: D:/Unity Packages/demo-turnbased-memory
D:/Unity Packages/demo-turnbased-memory
Using Asset Import Pipeline V2.
Refreshing native plugins compatible for Editor in 77.39 ms, found 2 plugins.
Preloading 0 native plugins for Editor in 0.00 ms.
Initialize engine version: 2020.3.11f1 (99c7afb366b3)
[Subsystems] Discovering subsystems at path C:/Program Files/Unity/Hub/Editor/2020.3.11f1/Editor/Data/Resources/UnitySubsystems
[Subsystems] Discovering subsystems at path D:/Unity Packages/demo-turnbased-memory/Assets
GfxDevice: creating device client; threaded=0
Direct3D:
    Version:  Direct3D 11.0 [level 11.1]
    Renderer: NVIDIA GeForce GTX 1650 (ID=0x1f91)
    Vendor:   
    VRAM:     3962 MB
    Driver:   30.0.14.7111
Initialize mono
Mono path[0] = 'C:/Program Files/Unity/Hub/Editor/2020.3.11f1/Editor/Data/Managed'
Mono path[1] = 'C:/Program Files/Unity/Hub/Editor/2020.3.11f1/Editor/Data/MonoBleedingEdge/lib/mono/unityjit'
Mono config path = 'C:/Program Files/Unity/Hub/Editor/2020.3.11f1/Editor/Data/MonoBleedingEdge/etc'
Using monoOptions --debugger-agent=transport=dt_socket,embedding=1,server=y,suspend=n,address=127.0.0.1:56224
Begin MonoManager ReloadAssembly
Registering precompiled unity dll's ...
Register platform support module: C:/Program Files/Unity/Hub/Editor/2020.3.11f1/Editor/Data/PlaybackEngines/WindowsStandaloneSupport/UnityEditor.WindowsStandalone.Extensions.dll
Registered in 0.001972 seconds.
Native extension for WindowsStandalone target not found
Refreshing native plugins compatible for Editor in 75.15 ms, found 2 plugins.
Preloading 0 native plugins for Editor in 0.00 ms.
Mono: successfully reloaded assembly
- Completed reload, in  1.622 seconds
Platform modules already initialized, skipping
Registering precompiled user dll's ...
Registered in 0.813460 seconds.
Begin MonoManager ReloadAssembly
Native extension for WindowsStandalone target not found
Refreshing native plugins compatible for Editor in 0.91 ms, found 2 plugins.
Preloading 0 native plugins for Editor in 0.00 ms.
Mono: successfully reloaded assembly
- Completed reload, in  4.605 seconds
Platform modules already initialized, skipping
========================================================================
Worker process is ready to serve import requests
Launched and connected shader compiler UnityShaderCompiler.exe after 0.10 seconds
Refreshing native plugins compatible for Editor in 1.38 ms, found 2 plugins.
Preloading 0 native plugins for Editor in 0.00 ms.
Unloading 1966 Unused Serialized files (Serialized files now loaded: 0)
System memory in use before: 81.4 MB.
System memory in use after: 81.5 MB.

Unloading 60 unused Assets to reduce memory usage. Loaded Objects now: 2369.
Total: 13.781800 ms (FindLiveObjects: 0.468200 ms CreateObjectMapping: 0.235400 ms MarkObjects: 12.921600 ms  DeleteObjects: 0.153700 ms)

========================================================================
Received Import Request.
  path: Assets/MemoryDemoScene.unity
  artifactKey: Guid(c447e231aff29fe4da87399541581cad) Importer(815301076,1909f56bfc062723c751e8b465ee728b)
Start importing Assets/MemoryDemoScene.unity using Guid(c447e231aff29fe4da87399541581cad) Importer(815301076,1909f56bfc062723c751e8b465ee728b)  -> (artifact id: '6add17f44266991a61445f5425171b4a') in 0.037908 seconds
  Import took 0.044887 seconds .

========================================================================
Received Import Request.
  Time since last request: 0.000530 seconds.
  path: Assets/CustomAuthDemo.unity
  artifactKey: Guid(321bc3a36500aee49b4f5136372bae82) Importer(815301076,1909f56bfc062723c751e8b465ee728b)
Start importing Assets/CustomAuthDemo.unity using Guid(321bc3a36500aee49b4f5136372bae82) Importer(815301076,1909f56bfc062723c751e8b465ee728b)  -> (artifact id: 'c9bea499439530f1b447fb505e0c784c') in 0.009650 seconds
  Import took 0.015602 seconds .

========================================================================
Received Import Request.
  Time since last request: 7.810937 seconds.
  path: Assets/Icons/Icon-168x168.png
  artifactKey: Guid(cb3db941295cec04c9c95f492220ef4f) Importer(815301076,1909f56bfc062723c751e8b465ee728b)
Start importing Assets/Icons/Icon-168x168.png using Guid(cb3db941295cec04c9c95f492220ef4f) Importer(815301076,1909f56bfc062723c751e8b465ee728b)  -> (artifact id: '4d9f5145d92b2f66e35a5b98d8095399') in 0.107048 seconds
  Import took 0.111973 seconds .

========================================================================
Received Import Request.
  Time since last request: 15.417532 seconds.
  path: Assets/Demo/UtilityScripts
  artifactKey: Guid(4bc17eb8460743b4d8329292e51aa015) Importer(815301076,1909f56bfc062723c751e8b465ee728b)
Start importing Assets/Demo/UtilityScripts using Guid(4bc17eb8460743b4d8329292e51aa015) Importer(815301076,1909f56bfc062723c751e8b465ee728b)  -> (artifact id: '5749a2509442e86b5f5919ec77070d52') in 0.102330 seconds
  Import took 0.107761 seconds .

========================================================================
Received Import Request.
  Time since last request: 1.957515 seconds.
  path: Assets/Demo/UtilityScripts/DeleteOnStart.cs
  artifactKey: Guid(61d040cc59c18a242accee4f3b224ced) Importer(815301076,1909f56bfc062723c751e8b465ee728b)
Start importing Assets/Demo/UtilityScripts/DeleteOnStart.cs using Guid(61d040cc59c18a242accee4f3b224ced) Importer(815301076,1909f56bfc062723c751e8b465ee728b)  -> (artifact id: 'db3672d8eb52042ef07ef76d33ea22b5') in 0.011570 seconds
  Import took 0.016761 seconds .

========================================================================
Received Import Request.
  Time since last request: 1.998180 seconds.
  path: Assets/Demo/UtilityScripts/InputToEvent.cs
  artifactKey: Guid(1674414d422bf8744849ace4a23c3e9a) Importer(815301076,1909f56bfc062723c751e8b465ee728b)
Start importing Assets/Demo/UtilityScripts/InputToEvent.cs using Guid(1674414d422bf8744849ace4a23c3e9a) Importer(815301076,1909f56bfc062723c751e8b465ee728b)  -> (artifact id: 'a94dcc36385c0910c7c5086708f694c2') in 0.010015 seconds
  Import took 0.014541 seconds .

========================================================================
Received Import Request.
  Time since last request: 4.260185 seconds.
  path: Assets/Demo/UtilityScripts/NamepickerGui.cs
  artifactKey: Guid(e32500f0587f93b47bf803eef9be37f9) Importer(815301076,1909f56bfc062723c751e8b465ee728b)
Start importing Assets/Demo/UtilityScripts/NamepickerGui.cs using Guid(e32500f0587f93b47bf803eef9be37f9) Importer(815301076,1909f56bfc062723c751e8b465ee728b)  -> (artifact id: 'e5451d90724395301b273e20eadcd9f1') in 0.014516 seconds
  Import took 0.020351 seconds .

========================================================================
Received Import Request.
  Time since last request: 20.764899 seconds.
  path: Assets/Demo/Graphics/backgroundMat.mat
  artifactKey: Guid(251a3c0c5979b0145b5b877893d5c32d) Importer(815301076,1909f56bfc062723c751e8b465ee728b)
Start importing Assets/Demo/Graphics/backgroundMat.mat using Guid(251a3c0c5979b0145b5b877893d5c32d) Importer(815301076,1909f56bfc062723c751e8b465ee728b)  -> (artifact id: '679e738faa5d1b20afd8fddc64382f3e') in 0.207714 seconds
  Import took 0.212376 seconds .

========================================================================
Received Import Request.
  Time since last request: 0.000355 seconds.
  path: Assets/Demo/Graphics/tileBackMat.mat
  artifactKey: Guid(2ddb74664a954a649b48db11bd43f6db) Importer(815301076,1909f56bfc062723c751e8b465ee728b)
Start importing Assets/Demo/Graphics/tileBackMat.mat using Guid(2ddb74664a954a649b48db11bd43f6db) Importer(815301076,1909f56bfc062723c751e8b465ee728b)  -> (artifact id: 'a8e95347d8d58eacb2b1e1cb7d4e2ed9') in 0.021592 seconds
  Import took 0.026440 seconds .

========================================================================
Received Import Request.
  Time since last request: 0.000334 seconds.
  path: Assets/Demo/Graphics/photon_turnbased_icon.png
  artifactKey: Guid(0ca0b004849b48a4aae5835be057b3a9) Importer(815301076,1909f56bfc062723c751e8b465ee728b)
Start importing Assets/Demo/Graphics/photon_turnbased_icon.png using Guid(0ca0b004849b48a4aae5835be057b3a9) Importer(815301076,1909f56bfc062723c751e8b465ee728b)  -> (artifact id: '68b9db184bfb0a7554bfdf4b73ccd1c3') in 0.017653 seconds
  Import took 0.022308 seconds .

========================================================================
Received Import Request.
  Time since last request: 0.000355 seconds.
  path: Assets/Demo/Graphics/menuButtonMat.mat
  artifactKey: Guid(f2c6897e997765a4da551a7a69295062) Importer(815301076,1909f56bfc062723c751e8b465ee728b)
Start importing Assets/Demo/Graphics/menuButtonMat.mat using Guid(f2c6897e997765a4da551a7a69295062) Importer(815301076,1909f56bfc062723c751e8b465ee728b)  -> (artifact id: 'a0ea7e74c0cbdaf13b27c68cf4f301d2') in 0.025316 seconds
  Import took 0.029899 seconds .

========================================================================
Received Import Request.
  Time since last request: 0.000359 seconds.
  path: Assets/Demo/Graphics/NameInputSkin.guiskin
  artifactKey: Guid(a58f82e769c99c54386c7d97875e527b) Importer(815301076,1909f56bfc062723c751e8b465ee728b)
Start importing Assets/Demo/Graphics/NameInputSkin.guiskin using Guid(a58f82e769c99c54386c7d97875e527b) Importer(815301076,1909f56bfc062723c751e8b465ee728b)  -> (artifact id: 'f4b26d82223fea1fb95dae8a184f1610') in 0.024117 seconds
  Import took 0.031019 seconds .

========================================================================
Received Import Request.
  Time since last request: 0.000330 seconds.
  path: Assets/Demo/Graphics/TilePrefab.prefab
  artifactKey: Guid(6b2b43947a354664599ec53397fa5132) Importer(815301076,1909f56bfc062723c751e8b465ee728b)
Start importing Assets/Demo/Graphics/TilePrefab.prefab using Guid(6b2b43947a354664599ec53397fa5132) Importer(815301076,1909f56bfc062723c751e8b465ee728b)  -> (artifact id: '304fe2a74b9681354c81895442800b6b') in 0.042258 seconds
  Import took 0.048185 seconds .

========================================================================
Received Import Request.
  Time since last request: 0.000320 seconds.
  path: Assets/Demo/Graphics/tileMat.mat
  artifactKey: Guid(37e51e1ef09d74c4da1cd19aafe853ed) Importer(815301076,1909f56bfc062723c751e8b465ee728b)
Start importing Assets/Demo/Graphics/tileMat.mat using Guid(37e51e1ef09d74c4da1cd19aafe853ed) Importer(815301076,1909f56bfc062723c751e8b465ee728b)  -> (artifact id: 'a458d498ba8882c8c4d4a347b28d24f3') in 0.019412 seconds
  Import took 0.025424 seconds .

========================================================================
Received Import Request.
  Time since last request: 0.000440 seconds.
  path: Assets/Demo/Graphics/menuHighlightTileMat.mat
  artifactKey: Guid(bde7cda4bffd0f54fbea80c4da9aaf7d) Importer(815301076,1909f56bfc062723c751e8b465ee728b)
Start importing Assets/Demo/Graphics/menuHighlightTileMat.mat using Guid(bde7cda4bffd0f54fbea80c4da9aaf7d) Importer(815301076,1909f56bfc062723c751e8b465ee728b)  -> (artifact id: 'f71cc251fbc8d71429e3f75728af4184') in 0.019255 seconds
  Import took 0.025674 seconds .

========================================================================
Received Import Request.
  Time since last request: 0.000324 seconds.
  path: Assets/Demo/Graphics/eurof35.ttf
  artifactKey: Guid(4455f8440a642ba4f820757dafc6d946) Importer(815301076,1909f56bfc062723c751e8b465ee728b)
Start importing Assets/Demo/Graphics/eurof35.ttf using Guid(4455f8440a642ba4f820757dafc6d946) Importer(815301076,1909f56bfc062723c751e8b465ee728b)  -> (artifact id: 'e14823cc6df3b970cf53d9da6646021e') in 0.043122 seconds
  Import took 0.048299 seconds .

========================================================================
Received Import Request.
  Time since last request: 2.349991 seconds.
  path: Assets/Demo/MemoryGui.cs
  artifactKey: Guid(42db88ca6ccfa8147ade8f76c79f1d87) Importer(815301076,1909f56bfc062723c751e8b465ee728b)
Start importing Assets/Demo/MemoryGui.cs using Guid(42db88ca6ccfa8147ade8f76c79f1d87) Importer(815301076,1909f56bfc062723c751e8b465ee728b)  -> (artifact id: '9362c0ffa02a3482c83ddcd754acc0c8') in 0.017112 seconds
  Import took 0.027195 seconds .

========================================================================
Received Import Request.
  Time since last request: 69.601891 seconds.
  path: Assets/Demo/MemoryGameClient.cs
  artifactKey: Guid(5fa9f42499cd3ce40a1539b722a64845) Importer(815301076,1909f56bfc062723c751e8b465ee728b)
Start importing Assets/Demo/MemoryGameClient.cs using Guid(5fa9f42499cd3ce40a1539b722a64845) Importer(815301076,1909f56bfc062723c751e8b465ee728b)  -> (artifact id: 'c13d0bdd04c5b679266e3f060f1aaaab') in 0.013598 seconds
  Import took 0.023673 seconds .

========================================================================
Received Import Request.
  Time since last request: 2.912341 seconds.
  path: Assets/Demo/LookAtCam.cs
  artifactKey: Guid(e154c06348bbe734eaf86f203405f9cc) Importer(815301076,1909f56bfc062723c751e8b465ee728b)
Start importing Assets/Demo/LookAtCam.cs using Guid(e154c06348bbe734eaf86f203405f9cc) Importer(815301076,1909f56bfc062723c751e8b465ee728b)  -> (artifact id: 'a2be55c2e53ed66c5640a89a949b3f7a') in 0.022973 seconds
  Import took 0.029921 seconds .

========================================================================
Received Import Request.
  Time since last request: 1.816801 seconds.
  path: Assets/Demo/MemoryBoard.cs
  artifactKey: Guid(9c9a4e90742fce246a3615c690606f76) Importer(815301076,1909f56bfc062723c751e8b465ee728b)
Start importing Assets/Demo/MemoryBoard.cs using Guid(9c9a4e90742fce246a3615c690606f76) Importer(815301076,1909f56bfc062723c751e8b465ee728b)  -> (artifact id: '16d22743f199133fd097b5f8758d7044') in 0.008388 seconds
  Import took 0.012666 seconds .

========================================================================
Received Import Request.
  Time since last request: 0.009599 seconds.
  path: Assets/Demo/MemoryBoard.cs
  artifactKey: Guid(9c9a4e90742fce246a3615c690606f76) Importer(815301076,1909f56bfc062723c751e8b465ee728b)
Start importing Assets/Demo/MemoryBoard.cs using Guid(9c9a4e90742fce246a3615c690606f76) Importer(815301076,1909f56bfc062723c751e8b465ee728b)  -> (artifact id: '16d22743f199133fd097b5f8758d7044') in 0.003374 seconds
  Import took 0.009837 seconds .

AssetImportWorkerClient::OnTransportError - code=2 error=End of file
